[1678140402.822692]  log opened (because of SIGUSR2)
[1678140402.874186] CMD_Echo: NsCDE: FVWM Functions Configuration read from /usr/local/share/NsCDE/fvwm/Functions.fvwmconf
[1678140402.874765] CMD_Echo: NsCDE: Additional Functions FVWM Configuration read from /home/nick/.NsCDE/Functions.fvwmlocal
[1678140402.896419] CMD_Echo: NsCDE: Generated Colorset FVWM Configuration read from /home/nick/.NsCDE/Colorset.fvwmgen
[1678140402.898443] CMD_Echo: NsCDE: FVWM Font-96dpi Configuration read from /usr/local/share/NsCDE/fvwm/Font-96dpi.fvwmconf
[1678140402.912320] CMD_Echo: NsCDE: FVWM Style Configuration read from /usr/local/share/NsCDE/fvwm/Style.fvwmconf
[1678140402.912766] CMD_Echo: NsCDE: Additional Style FVWM Configuration read from /home/nick/.NsCDE/Style.fvwmlocal
[1678140402.913131] CMD_Echo: NsCDE: Reading Main Configuration
[1678140402.961459] CMD_Echo: NsCDE: Selected default for browser: firefox-bin
[1678140402.967384] CMD_Echo: NsCDE: Selected default for docsbrowser: xdg-open
[1678140402.979461] CMD_Echo: NsCDE: Selected default for terminal: xfce4-terminal
[1678140402.996343] CMD_Echo: NsCDE: Selected default for calculator: nscde_fvwmclnt 'f_NoApp NOAPP calculator'
[1678140403.004055] CMD_Echo: NsCDE: Selected default for volumectrl: pavucontrol-qt
[1678140403.018199] CMD_Echo: NsCDE: Selected default for xrandr: nscde_fvwmclnt 'f_NoApp NOAPP xrandr'
[1678140403.036515] CMD_Echo: NsCDE: Selected default for taskmgr: xfce4-terminal -e top
[1678140403.096979] CMD_Echo: NsCDE: Selected default for mailreader: nscde_fvwmclnt 'f_NoApp NOAPP mailreader'
[1678140403.102930] CMD_Echo: NsCDE: Selected default for printmgr: system-config-printer
[1678140403.117331] CMD_Echo: NsCDE: Selected default for appmgr: nscde_fvwmclnt 'f_NoApp NOAPP appmgr'
[1678140403.124450] CMD_Echo: NsCDE: Generated Backdrops FVWM Configuration read from /home/nick/.NsCDE/Backdrops.fvwmgen
[1678140403.326280] CMD_Echo: NsCDE: FVWM Monitors Configuration read from /usr/local/share/NsCDE/fvwm/Monitors.fvwmconf
[1678140403.342692] CMD_Echo: NsCDE: Configured Keybindings set: cua
[1678140403.343018] CMD_Echo: NsCDE: FVWM Keybindings Configuration read from /usr/local/share/NsCDE/fvwm/Keybindings.fvwmconf
[1678140403.343320] CMD_Echo: NsCDE: Additional Keybindings FVWM Configuration read from /home/nick/.NsCDE/Keybindings.fvwmlocal
[1678140403.345534] CMD_Echo: NsCDE: FVWM Mousebindings Configuration read from /usr/local/share/NsCDE/fvwm/Mousebindings.fvwmconf
[1678140403.538260] CMD_Echo: NsCDE: FVWM Menus Configuration read from /usr/local/share/NsCDE/fvwm/Menus.fvwmconf
[1678140403.541847] CMD_Echo: NsCDE: Additional Menus FVWM Configuration read from /home/nick/.NsCDE/Menus.fvwmlocal
[1678140403.543121] CMD_Echo: NsCDE: FVWM Animate Configuration read from /usr/local/share/NsCDE/fvwm/Animate.fvwmconf
[1678140403.544582] CMD_Echo: NsCDE: FVWM Ident Configuration read from /usr/local/share/NsCDE/fvwm/Ident.fvwmconf
[1678140403.546186] CMD_Echo: NsCDE: FVWM Script Configuration read from /usr/local/share/NsCDE/fvwm/Script.fvwmconf
[1678140403.547984] CMD_Echo: NsCDE: FVWM Backer Configuration read from /usr/local/share/NsCDE/fvwm/Backer.fvwmconf
[1678140403.550053] CMD_Echo: NsCDE: FVWM Event Configuration read from /usr/local/share/NsCDE/fvwm/Event.fvwmconf
[1678140403.553254] CMD_Echo: NsCDE: FVWM WspLocPager Configuration read from /usr/local/share/NsCDE/fvwm/WspLocPager.fvwmconf
[1678140403.556343] CMD_Echo: NsCDE: FVWM LocalPager Configuration read from /usr/local/share/NsCDE/fvwm/LocalPager.fvwmconf
[1678140403.584426] CMD_Echo: NsCDE: Subpanels FVWM Configuration read from /usr/local/share/NsCDE/fvwm/Subpanels.fvwm3.fvwmconf
[1678140403.585185] CMD_Echo: NsCDE: FVWM Subpanels Configuration read from /usr/local/share/NsCDE/fvwm/Subpanels.fvwmconf
[1678140403.625239] CMD_Echo: NsCDE: FrontPanel FVWM Configuration read from /usr/local/share/NsCDE/fvwm/FrontPanel.fvwm3.fvwmconf
[1678140403.626006] CMD_Echo: NsCDE: FVWM FrontPanel Configuration read from /usr/local/share/NsCDE/fvwm/FrontPanel.fvwmconf
[1678140403.627923] CMD_Echo: NsCDE: FVWM Init Configuration read from /home/nick/.NsCDE/Init.fvwmconf
[1678140403.629842] CMD_Echo: NsCDE: FVWM FinishInit Configuration read from /usr/local/share/NsCDE/fvwm/FinishInit.fvwmconf
[1678140403.631736] CMD_Echo: NsCDE: Executing StartFunction
[1678140405.694087] setup_window_placement: Expanding screen from 'null' -> ''
[1678140406.067391] setup_window_placement: Expanding screen from 'p' -> 'p'
[1678140406.082828] setup_window_placement: Expanding screen from 'null' -> ''
[1678140406.318850] setup_window_placement: Expanding screen from 'null' -> ''
[1678140406.331438] setup_window_placement: Expanding screen from 'null' -> ''
[1678140406.343742] setup_window_placement: Expanding screen from 'null' -> ''
[1678140406.355966] setup_window_placement: Expanding screen from 'null' -> ''
[1678140406.367903] setup_window_placement: Expanding screen from 'null' -> ''
[1678140406.387424] setup_window_placement: Expanding screen from 'null' -> ''
[1678140406.422415] setup_window_placement: Expanding screen from 'null' -> ''
[1678140406.436747] setup_window_placement: Expanding screen from 'null' -> ''
[1678140406.454313] setup_window_placement: Expanding screen from 'null' -> ''
[1678140406.480803] CMD_Echo: NsCDE: Executing RestartFunction
[1678140406.488863] setup_window_placement: Expanding screen from 'null' -> ''
[1678140406.551879] setup_window_placement: Expanding screen from 'null' -> ''
[1678140411.291483] setup_window_placement: Expanding screen from 'null' -> ''
[1678140413.296694] CMD_Echo: NsCDE: Quit X Session
[1678140413.504347] setup_window_placement: Expanding screen from 'null' -> ''
[1678140447.870510]  log opened (because of SIGUSR2)
[1678140447.915270] CMD_Echo: NsCDE: FVWM Functions Configuration read from /usr/local/share/NsCDE/fvwm/Functions.fvwmconf
[1678140447.915670] CMD_Echo: NsCDE: Additional Functions FVWM Configuration read from /home/nick/.NsCDE/Functions.fvwmlocal
[1678140447.932346] CMD_Echo: NsCDE: Generated Colorset FVWM Configuration read from /home/nick/.NsCDE/Colorset.fvwmgen
[1678140447.933726] CMD_Echo: NsCDE: FVWM Font-96dpi Configuration read from /usr/local/share/NsCDE/fvwm/Font-96dpi.fvwmconf
[1678140447.946068] CMD_Echo: NsCDE: FVWM Style Configuration read from /usr/local/share/NsCDE/fvwm/Style.fvwmconf
[1678140447.946378] CMD_Echo: NsCDE: Additional Style FVWM Configuration read from /home/nick/.NsCDE/Style.fvwmlocal
[1678140447.946687] CMD_Echo: NsCDE: Reading Main Configuration
[1678140447.997598] CMD_Echo: NsCDE: Selected default for browser: firefox-bin
[1678140448.004698] CMD_Echo: NsCDE: Selected default for docsbrowser: xdg-open
[1678140448.018745] CMD_Echo: NsCDE: Selected default for terminal: xfce4-terminal
[1678140448.035359] CMD_Echo: NsCDE: Selected default for calculator: nscde_fvwmclnt 'f_NoApp NOAPP calculator'
[1678140448.043282] CMD_Echo: NsCDE: Selected default for volumectrl: pavucontrol-qt
[1678140448.057321] CMD_Echo: NsCDE: Selected default for xrandr: nscde_fvwmclnt 'f_NoApp NOAPP xrandr'
[1678140448.075848] CMD_Echo: NsCDE: Selected default for taskmgr: xfce4-terminal -e top
[1678140448.136497] CMD_Echo: NsCDE: Selected default for mailreader: nscde_fvwmclnt 'f_NoApp NOAPP mailreader'
[1678140448.142334] CMD_Echo: NsCDE: Selected default for printmgr: system-config-printer
[1678140448.156408] CMD_Echo: NsCDE: Selected default for appmgr: nscde_fvwmclnt 'f_NoApp NOAPP appmgr'
[1678140448.162694] CMD_Echo: NsCDE: Generated Backdrops FVWM Configuration read from /home/nick/.NsCDE/Backdrops.fvwmgen
[1678140448.365367] CMD_Echo: NsCDE: FVWM Monitors Configuration read from /usr/local/share/NsCDE/fvwm/Monitors.fvwmconf
[1678140448.381845] CMD_Echo: NsCDE: Configured Keybindings set: cua
[1678140448.382171] CMD_Echo: NsCDE: FVWM Keybindings Configuration read from /usr/local/share/NsCDE/fvwm/Keybindings.fvwmconf
[1678140448.382472] CMD_Echo: NsCDE: Additional Keybindings FVWM Configuration read from /home/nick/.NsCDE/Keybindings.fvwmlocal
[1678140448.384662] CMD_Echo: NsCDE: FVWM Mousebindings Configuration read from /usr/local/share/NsCDE/fvwm/Mousebindings.fvwmconf
[1678140448.578237] CMD_Echo: NsCDE: FVWM Menus Configuration read from /usr/local/share/NsCDE/fvwm/Menus.fvwmconf
[1678140448.579796] CMD_Echo: NsCDE: Additional Menus FVWM Configuration read from /home/nick/.NsCDE/Menus.fvwmlocal
[1678140448.581075] CMD_Echo: NsCDE: FVWM Animate Configuration read from /usr/local/share/NsCDE/fvwm/Animate.fvwmconf
[1678140448.582516] CMD_Echo: NsCDE: FVWM Ident Configuration read from /usr/local/share/NsCDE/fvwm/Ident.fvwmconf
[1678140448.584097] CMD_Echo: NsCDE: FVWM Script Configuration read from /usr/local/share/NsCDE/fvwm/Script.fvwmconf
[1678140448.585877] CMD_Echo: NsCDE: FVWM Backer Configuration read from /usr/local/share/NsCDE/fvwm/Backer.fvwmconf
[1678140448.587939] CMD_Echo: NsCDE: FVWM Event Configuration read from /usr/local/share/NsCDE/fvwm/Event.fvwmconf
[1678140448.591118] CMD_Echo: NsCDE: FVWM WspLocPager Configuration read from /usr/local/share/NsCDE/fvwm/WspLocPager.fvwmconf
[1678140448.594185] CMD_Echo: NsCDE: FVWM LocalPager Configuration read from /usr/local/share/NsCDE/fvwm/LocalPager.fvwmconf
[1678140448.622433] CMD_Echo: NsCDE: Subpanels FVWM Configuration read from /usr/local/share/NsCDE/fvwm/Subpanels.fvwm3.fvwmconf
[1678140448.623204] CMD_Echo: NsCDE: FVWM Subpanels Configuration read from /usr/local/share/NsCDE/fvwm/Subpanels.fvwmconf
[1678140448.662772] CMD_Echo: NsCDE: FrontPanel FVWM Configuration read from /usr/local/share/NsCDE/fvwm/FrontPanel.fvwm3.fvwmconf
[1678140448.663297] CMD_Echo: NsCDE: FVWM FrontPanel Configuration read from /usr/local/share/NsCDE/fvwm/FrontPanel.fvwmconf
[1678140448.664644] CMD_Echo: NsCDE: FVWM Init Configuration read from /home/nick/.NsCDE/Init.fvwmconf
[1678140448.665926] CMD_Echo: NsCDE: FVWM FinishInit Configuration read from /usr/local/share/NsCDE/fvwm/FinishInit.fvwmconf
[1678140448.667222] CMD_Echo: NsCDE: Executing StartFunction
[1678140450.921394] setup_window_placement: Expanding screen from 'null' -> ''
[1678140451.117466] setup_window_placement: Expanding screen from 'p' -> 'p'
[1678140451.130981] setup_window_placement: Expanding screen from 'null' -> ''
[1678140451.151277] CMD_Echo: NsCDE: Splash Descheduled
[1678140451.575139] setup_window_placement: Expanding screen from 'g' -> 'g'
[1678140451.616680] setup_window_placement: Expanding screen from 'null' -> ''
[1678140451.633398] setup_window_placement: Expanding screen from 'null' -> ''
[1678140451.648714] setup_window_placement: Expanding screen from 'null' -> ''
[1678140451.665365] setup_window_placement: Expanding screen from 'null' -> ''
[1678140451.697245] CMD_Echo: NsCDE: Executing InitFunction
[1678140451.706022] setup_window_placement: Expanding screen from 'null' -> ''
[1678140451.764989] setup_window_placement: Expanding screen from 'null' -> ''
[1678140451.781501] setup_window_placement: Expanding screen from 'null' -> ''
[1678140451.829238] setup_window_placement: Expanding screen from 'null' -> ''
[1678140451.842392] setup_window_placement: Expanding screen from 'null' -> ''
[1678140451.855651] setup_window_placement: Expanding screen from 'null' -> ''
[1678140451.875874] setup_window_placement: Expanding screen from 'null' -> ''
[1678140451.962081] setup_window_placement: Expanding screen from 'null' -> ''
[1678140452.092895] GetWindowSizeHintsWithCheck: reason: 2: The hints have been ignored because the window's current size would have become invalid.  The new hints will become active when the window generates the next ConfigureRequest.
[1678140452.092978] GetWindowSizeHintsWithCheck: The application window (id 0x3800003)
  "gkrellm" has broken size hints (inconsistent with current size).
    fvwm is ignoring those hints.    hint override = 0, flags = 230
  min_width = 80, min_height = 531, max_width = 80, max_height = 531
  width_inc = 0, height_inc = 0
  min_aspect = 0/0, max_aspect = 0/0
  base_width = 0, base_height = 0
  win_gravity = 1
[1678140452.093015] fvwm_msg_report_app:     If you are having a problem with the application, send a bug report
    with this message included to the application owner.
    There is no need to notify fvwm-workers@fvwm.org.
[1678140452.096912] CMD_Echo: NsCDE: Splash Descheduled
[1678140452.179960] setup_window_placement: Expanding screen from 'null' -> ''
[1678140454.978146] CMD_Echo: NsCDE: Startup and initialization finished.
[1678140465.854109] setup_window_placement: Expanding screen from 'null' -> ''
[1678140470.149595] CMD_Echo: NsCDE: Quit and Shutdown
[1678204108.200935]  log opened (because of SIGUSR2)
[1678204108.238001] CMD_Echo: NsCDE: FVWM Functions Configuration read from /usr/local/share/NsCDE/fvwm/Functions.fvwmconf
[1678204108.238598] CMD_Echo: NsCDE: Additional Functions FVWM Configuration read from /home/nick/.NsCDE/Functions.fvwmlocal
[1678204108.258487] CMD_Echo: NsCDE: Generated Colorset FVWM Configuration read from /home/nick/.NsCDE/Colorset.fvwmgen
[1678204108.260072] CMD_Echo: NsCDE: FVWM Font-96dpi Configuration read from /usr/local/share/NsCDE/fvwm/Font-96dpi.fvwmconf
[1678204108.277954] CMD_Echo: NsCDE: FVWM Style Configuration read from /usr/local/share/NsCDE/fvwm/Style.fvwmconf
[1678204108.278413] CMD_Echo: NsCDE: Additional Style FVWM Configuration read from /home/nick/.NsCDE/Style.fvwmlocal
[1678204108.278711] CMD_Echo: NsCDE: Reading Main Configuration
[1678204108.332634] CMD_Echo: NsCDE: Selected default for browser: firefox-bin
[1678204108.338619] CMD_Echo: NsCDE: Selected default for docsbrowser: xdg-open
[1678204108.350868] CMD_Echo: NsCDE: Selected default for terminal: xfce4-terminal
[1678204108.367922] CMD_Echo: NsCDE: Selected default for calculator: nscde_fvwmclnt 'f_NoApp NOAPP calculator'
[1678204108.376018] CMD_Echo: NsCDE: Selected default for volumectrl: pavucontrol-qt
[1678204108.390291] CMD_Echo: NsCDE: Selected default for xrandr: nscde_fvwmclnt 'f_NoApp NOAPP xrandr'
[1678204108.408840] CMD_Echo: NsCDE: Selected default for taskmgr: xfce4-terminal -e top
[1678204108.486687] CMD_Echo: NsCDE: Selected default for mailreader: nscde_fvwmclnt 'f_NoApp NOAPP mailreader'
[1678204108.492975] CMD_Echo: NsCDE: Selected default for printmgr: system-config-printer
[1678204108.507523] CMD_Echo: NsCDE: Selected default for appmgr: nscde_fvwmclnt 'f_NoApp NOAPP appmgr'
[1678204108.515577] CMD_Echo: NsCDE: Generated Backdrops FVWM Configuration read from /home/nick/.NsCDE/Backdrops.fvwmgen
[1678204108.719296] CMD_Echo: NsCDE: FVWM Monitors Configuration read from /usr/local/share/NsCDE/fvwm/Monitors.fvwmconf
[1678204108.738545] CMD_Echo: NsCDE: Configured Keybindings set: cua
[1678204108.739017] CMD_Echo: NsCDE: FVWM Keybindings Configuration read from /usr/local/share/NsCDE/fvwm/Keybindings.fvwmconf
[1678204108.739607] CMD_Echo: NsCDE: Additional Keybindings FVWM Configuration read from /home/nick/.NsCDE/Keybindings.fvwmlocal
[1678204108.743027] CMD_Echo: NsCDE: FVWM Mousebindings Configuration read from /usr/local/share/NsCDE/fvwm/Mousebindings.fvwmconf
[1678204109.022808] CMD_Echo: NsCDE: FVWM Menus Configuration read from /usr/local/share/NsCDE/fvwm/Menus.fvwmconf
[1678204109.027475] CMD_Echo: NsCDE: Additional Menus FVWM Configuration read from /home/nick/.NsCDE/Menus.fvwmlocal
[1678204109.028539] CMD_Echo: NsCDE: FVWM Animate Configuration read from /usr/local/share/NsCDE/fvwm/Animate.fvwmconf
[1678204109.029702] CMD_Echo: NsCDE: FVWM Ident Configuration read from /usr/local/share/NsCDE/fvwm/Ident.fvwmconf
[1678204109.030996] CMD_Echo: NsCDE: FVWM Script Configuration read from /usr/local/share/NsCDE/fvwm/Script.fvwmconf
[1678204109.032411] CMD_Echo: NsCDE: FVWM Backer Configuration read from /usr/local/share/NsCDE/fvwm/Backer.fvwmconf
[1678204109.034026] CMD_Echo: NsCDE: FVWM Event Configuration read from /usr/local/share/NsCDE/fvwm/Event.fvwmconf
[1678204109.036392] CMD_Echo: NsCDE: FVWM WspLocPager Configuration read from /usr/local/share/NsCDE/fvwm/WspLocPager.fvwmconf
[1678204109.038752] CMD_Echo: NsCDE: FVWM LocalPager Configuration read from /usr/local/share/NsCDE/fvwm/LocalPager.fvwmconf
[1678204109.059936] CMD_Echo: NsCDE: Subpanels FVWM Configuration read from /usr/local/share/NsCDE/fvwm/Subpanels.fvwm3.fvwmconf
[1678204109.060486] CMD_Echo: NsCDE: FVWM Subpanels Configuration read from /usr/local/share/NsCDE/fvwm/Subpanels.fvwmconf
[1678204109.100264] CMD_Echo: NsCDE: FrontPanel FVWM Configuration read from /usr/local/share/NsCDE/fvwm/FrontPanel.fvwm3.fvwmconf
[1678204109.101050] CMD_Echo: NsCDE: FVWM FrontPanel Configuration read from /usr/local/share/NsCDE/fvwm/FrontPanel.fvwmconf
[1678204109.103112] CMD_Echo: NsCDE: FVWM Init Configuration read from /home/nick/.NsCDE/Init.fvwmconf
[1678204109.105204] CMD_Echo: NsCDE: FVWM FinishInit Configuration read from /usr/local/share/NsCDE/fvwm/FinishInit.fvwmconf
[1678204109.106908] CMD_Echo: NsCDE: Executing StartFunction
[1678204111.357643] setup_window_placement: Expanding screen from 'null' -> ''
[1678204111.550003] setup_window_placement: Expanding screen from 'p' -> 'p'
[1678204111.569374] setup_window_placement: Expanding screen from 'null' -> ''
[1678204111.584104] CMD_Echo: NsCDE: Splash Descheduled
[1678204112.009722] setup_window_placement: Expanding screen from 'g' -> 'g'
[1678204112.050934] setup_window_placement: Expanding screen from 'null' -> ''
[1678204112.065365] setup_window_placement: Expanding screen from 'null' -> ''
[1678204112.079256] setup_window_placement: Expanding screen from 'null' -> ''
[1678204112.092305] setup_window_placement: Expanding screen from 'null' -> ''
[1678204112.107592] setup_window_placement: Expanding screen from 'null' -> ''
[1678204112.125833] setup_window_placement: Expanding screen from 'null' -> ''
[1678204112.193340] setup_window_placement: Expanding screen from 'null' -> ''
[1678204112.206220] setup_window_placement: Expanding screen from 'null' -> ''
[1678204112.218914] setup_window_placement: Expanding screen from 'null' -> ''
[1678204112.233057] setup_window_placement: Expanding screen from 'null' -> ''
[1678204112.277359] CMD_Echo: NsCDE: Executing InitFunction
[1678204112.283752] setup_window_placement: Expanding screen from 'null' -> ''
[1678204112.469033] setup_window_placement: Expanding screen from 'null' -> ''
[1678204112.570028] GetWindowSizeHintsWithCheck: reason: 2: The hints have been ignored because the window's current size would have become invalid.  The new hints will become active when the window generates the next ConfigureRequest.
[1678204112.570051] GetWindowSizeHintsWithCheck: The application window (id 0x3800003)
  "gkrellm" has broken size hints (inconsistent with current size).
    fvwm is ignoring those hints.    hint override = 0, flags = 230
  min_width = 80, min_height = 531, max_width = 80, max_height = 531
  width_inc = 0, height_inc = 0
  min_aspect = 0/0, max_aspect = 0/0
  base_width = 0, base_height = 0
  win_gravity = 1
[1678204112.570056] fvwm_msg_report_app:     If you are having a problem with the application, send a bug report
    with this message included to the application owner.
    There is no need to notify fvwm-workers@fvwm.org.
[1678204112.582366] CMD_Echo: NsCDE: Splash Descheduled
[1678204112.662520] setup_window_placement: Expanding screen from 'null' -> ''
[1678204115.483985] CMD_Echo: NsCDE: Startup and initialization finished.
[1678204126.581047] execute_complex_function: Grab failed, unable to execute immediate action
